<?xml version="1.0" encoding="UTF-8"?>
<!-- Generated by org.testng.reporters.JUnitReportReporter -->
<testsuite skipped="0" hostname="Ades-MBP" name="com.automation.interview.testng.tests.FirstTest" tests="1" failures="0" timestamp="26 Oct 2017 23:26:20 GMT" time="12.980" errors="0">
  <testcase name="firstTestMethod" time="12.980" classname="com.automation.interview.testng.tests.FirstTest"/>
</testsuite> <!-- com.automation.interview.testng.tests.FirstTest -->
